<?xml version="1.0" encoding="UTF-8"?>
<testsuite xmlns:xsi="http://www.w3.org/2001/XMLSchema-instance" xsi:noNamespaceSchemaLocation="https://maven.apache.org/surefire/maven-surefire-plugin/xsd/surefire-test-report.xsd" name="org.example.elasticsearch.AppControllerTest" time="9.922" tests="8" errors="0" skipped="0" failures="0">
  <properties>
[...]
</properties>
  <testcase name="putObjects" classname="org.example.elasticsearch.AppControllerTest" time="0.257"/>
  <testcase name="putAllObjects" classname="org.example.elasticsearch.AppControllerTest" time="1.087"/>
  <testcase name="getObjects" classname="org.example.elasticsearch.AppControllerTest" time="1.09"/>
  <testcase name="deleteAll" classname="org.example.elasticsearch.AppControllerTest" time="1.162"/>
  <testcase name="deleteMissing" classname="org.example.elasticsearch.AppControllerTest" time="0.034"/>
  <testcase name="suggestion" classname="org.example.elasticsearch.AppControllerTest" time="1.066"/>
  <testcase name="deleteById" classname="org.example.elasticsearch.AppControllerTest" time="3.099"/>
  <testcase name="getMissing" classname="org.example.elasticsearch.AppControllerTest" time="0.04"/>
</testsuite>